android/app/build/intermediates/manifest_merge_blame_file/debug/manifest-merger-blame-debug-report.txt
1<?xml version="1.0" encoding="utf-8"?>
2<manifest xmlns:android="http://schemas.android.com/apk/res/android"
3    package="com.rnscanbarcode"
4    android:versionCode="1"
5    android:versionName="1.0" >
6
7    <uses-sdk
8        android:minSdkVersion="21"
9        android:targetSdkVersion="29" />
10
11    <uses-permission android:name="android.permission.SYSTEM_ALERT_WINDOW" />
11-->src/debug/AndroidManifest.xml:5:5-77
11-->src/debug/AndroidManifest.xml:5:22-75
12    <uses-permission android:name="android.permission.INTERNET" /> <!-- Required -->
12-->src/main/AndroidManifest.xml:4:5-67
12-->src/main/AndroidManifest.xml:4:22-64
13    <uses-permission android:name="android.permission.CAMERA" />
13-->src/main/AndroidManifest.xml:6:5-65
13-->src/main/AndroidManifest.xml:6:22-62
14
15    <uses-feature
15-->src/main/AndroidManifest.xml:7:5-89
16        android:name="android.hardware.camera.any"
16-->src/main/AndroidManifest.xml:7:19-61
17        android:required="false" /> <!-- Include this only if you are planning to use the camera roll -->
17-->src/main/AndroidManifest.xml:7:62-86
18    <uses-permission android:name="android.permission.READ_EXTERNAL_STORAGE" />
18-->src/main/AndroidManifest.xml:10:5-80
18-->src/main/AndroidManifest.xml:10:22-77
19    <uses-permission android:name="android.permission.WRITE_EXTERNAL_STORAGE" />
19-->src/main/AndroidManifest.xml:11:5-81
19-->src/main/AndroidManifest.xml:11:22-78
20    <uses-permission android:name="android.permission.ACCESS_WIFI_STATE" />
20-->[com.facebook.flipper:flipper:0.75.1] AndroidManifest.xml:16:5-76
20-->[com.facebook.flipper:flipper:0.75.1] AndroidManifest.xml:16:22-73
21
22    <application
22-->src/main/AndroidManifest.xml:13:5-31:19
23        android:name="com.rnscanbarcode.MainApplication"
23-->src/main/AndroidManifest.xml:14:7-38
24        android:allowBackup="false"
24-->src/main/AndroidManifest.xml:18:7-34
25        android:appComponentFactory="androidx.core.app.CoreComponentFactory"
25-->[androidx.core:core:1.1.0] AndroidManifest.xml:24:18-86
26        android:debuggable="true"
27        android:icon="@mipmap/ic_launcher"
27-->src/main/AndroidManifest.xml:16:7-41
28        android:label="@string/app_name"
28-->src/main/AndroidManifest.xml:15:7-39
29        android:roundIcon="@mipmap/ic_launcher_round"
29-->src/main/AndroidManifest.xml:17:7-52
30        android:theme="@style/AppTheme"
30-->src/main/AndroidManifest.xml:19:7-38
31        android:usesCleartextTraffic="true" >
31-->src/debug/AndroidManifest.xml:8:9-44
32        <activity android:name="com.facebook.react.devsupport.DevSettingsActivity" />
32-->src/debug/AndroidManifest.xml:11:9-86
32-->src/debug/AndroidManifest.xml:11:19-83
33        <activity
33-->src/main/AndroidManifest.xml:20:7-30:18
34            android:name="com.rnscanbarcode.MainActivity"
34-->src/main/AndroidManifest.xml:21:9-37
35            android:configChanges="keyboard|keyboardHidden|orientation|screenSize|uiMode"
35-->src/main/AndroidManifest.xml:23:9-86
36            android:label="@string/app_name"
36-->src/main/AndroidManifest.xml:22:9-41
37            android:launchMode="singleTask"
37-->src/main/AndroidManifest.xml:24:9-40
38            android:windowSoftInputMode="adjustResize" >
38-->src/main/AndroidManifest.xml:25:9-51
39            <intent-filter>
39-->src/main/AndroidManifest.xml:26:9-29:25
40                <action android:name="android.intent.action.MAIN" />
40-->src/main/AndroidManifest.xml:27:13-65
40-->src/main/AndroidManifest.xml:27:21-62
41
42                <category android:name="android.intent.category.LAUNCHER" />
42-->src/main/AndroidManifest.xml:28:13-73
42-->src/main/AndroidManifest.xml:28:23-70
43            </intent-filter>
44        </activity>
45        <activity
45-->[com.google.android.gms:play-services-base:17.0.0] AndroidManifest.xml:23:9-26:75
46            android:name="com.google.android.gms.common.api.GoogleApiActivity"
46-->[com.google.android.gms:play-services-base:17.0.0] AndroidManifest.xml:24:13-79
47            android:exported="false"
47-->[com.google.android.gms:play-services-base:17.0.0] AndroidManifest.xml:25:13-37
48            android:theme="@android:style/Theme.Translucent.NoTitleBar" />
48-->[com.google.android.gms:play-services-base:17.0.0] AndroidManifest.xml:26:13-72
49
50        <meta-data
50-->[com.google.android.gms:play-services-basement:17.0.0] AndroidManifest.xml:23:9-25:69
51            android:name="com.google.android.gms.version"
51-->[com.google.android.gms:play-services-basement:17.0.0] AndroidManifest.xml:24:13-58
52            android:value="@integer/google_play_services_version" />
52-->[com.google.android.gms:play-services-basement:17.0.0] AndroidManifest.xml:25:13-66
53    </application>
54
55</manifest>